<?xml version="1.0" encoding="UTF-8"?>
<!-- Generated by org.testng.reporters.JUnitXMLReporter -->
<testsuite ignored="0" hostname="DESKTOP-KLQVVIN" failures="0" tests="3" name="HomePageTest" time="4.18" errors="0" timestamp="2024-12-11T12:55:09 IST">
  <testcase classname="com.CRM.TestCases.HomePageTestCase" name="verifyURL" time="0.018"/>
  <testcase classname="com.CRM.TestCases.HomePageTestCase" name="verifyTitle" time="0.01"/>
  <testcase classname="com.CRM.TestCases.HomePageTestCase" name="verifySigninLink" time="0.705"/>
</testsuite> <!-- HomePageTest -->
