<?xml version="1.0" encoding="UTF-8"?>
<!-- Generated by org.testng.reporters.JUnitXMLReporter -->
<testsuite ignored="0" hostname="DESKTOP-KLQVVIN" failures="0" tests="3" name="HomePageTest" time="4.459" errors="0" timestamp="2024-12-11T15:37:33 IST">
  <testcase classname="com.CRM.TestCases.HomePageTestCase" name="verifyURL" time="0.014"/>
  <testcase classname="com.CRM.TestCases.HomePageTestCase" name="verifyTitle" time="0.009"/>
  <testcase classname="com.CRM.TestCases.HomePageTestCase" name="verifySigninLink" time="0.682"/>
</testsuite> <!-- HomePageTest -->
