<?xml version="1.0" encoding="UTF-8"?>
<testng-results ignored="0" total="4" passed="4" failed="0" skipped="0">
  <reporter-output>
  </reporter-output>
  <suite started-at="2024-12-11T15:37:29 IST" name="Suite" finished-at="2024-12-11T15:37:38 IST" duration-ms="8611">
    <groups>
    </groups>
    <test started-at="2024-12-11T15:37:29 IST" name="HomePageTest" finished-at="2024-12-11T15:37:33 IST" duration-ms="4459">
      <class name="com.CRM.TestCases.HomePageTestCase">
        <test-method is-config="true" signature="setUp()[pri:0, instance:com.CRM.TestCases.HomePageTestCase@12d4bf7e]" started-at="2024-12-11T15:37:29 IST" name="setUp" finished-at="2024-12-11T15:37:33 IST" duration-ms="3711" status="PASS">
          <reporter-output>
          </reporter-output>
        </test-method> <!-- setUp -->
        <test-method signature="verifyURL()[pri:1, instance:com.CRM.TestCases.HomePageTestCase@12d4bf7e]" started-at="2024-12-11T15:37:33 IST" name="verifyURL" finished-at="2024-12-11T15:37:33 IST" duration-ms="14" status="PASS">
          <reporter-output>
          </reporter-output>
        </test-method> <!-- verifyURL -->
        <test-method signature="verifyTitle()[pri:2, instance:com.CRM.TestCases.HomePageTestCase@12d4bf7e]" started-at="2024-12-11T15:37:33 IST" name="verifyTitle" finished-at="2024-12-11T15:37:33 IST" duration-ms="9" status="PASS">
          <reporter-output>
          </reporter-output>
        </test-method> <!-- verifyTitle -->
        <test-method signature="verifySigninLink()[pri:3, instance:com.CRM.TestCases.HomePageTestCase@12d4bf7e]" started-at="2024-12-11T15:37:33 IST" name="verifySigninLink" finished-at="2024-12-11T15:37:33 IST" duration-ms="682" status="PASS">
          <reporter-output>
          </reporter-output>
        </test-method> <!-- verifySigninLink -->
      </class> <!-- com.CRM.TestCases.HomePageTestCase -->
    </test> <!-- HomePageTest -->
    <test started-at="2024-12-11T15:37:33 IST" name="LoginPageTest" finished-at="2024-12-11T15:37:38 IST" duration-ms="4096">
      <class name="com.CRM.TestCases.LoginPageTestCase">
        <test-method is-config="true" signature="setUp()[pri:0, instance:com.CRM.TestCases.LoginPageTestCase@56528192]" started-at="2024-12-11T15:37:33 IST" name="setUp" finished-at="2024-12-11T15:37:36 IST" duration-ms="2628" status="PASS">
          <reporter-output>
          </reporter-output>
        </test-method> <!-- setUp -->
        <test-method is-config="true" signature="pageSetUp()[pri:0, instance:com.CRM.TestCases.LoginPageTestCase@56528192]" started-at="2024-12-11T15:37:36 IST" name="pageSetUp" finished-at="2024-12-11T15:37:37 IST" duration-ms="723" status="PASS">
          <reporter-output>
          </reporter-output>
        </test-method> <!-- pageSetUp -->
        <test-method signature="verifyLogin()[pri:0, instance:com.CRM.TestCases.LoginPageTestCase@56528192]" started-at="2024-12-11T15:37:37 IST" name="verifyLogin" finished-at="2024-12-11T15:37:38 IST" duration-ms="743" status="PASS">
          <reporter-output>
          </reporter-output>
        </test-method> <!-- verifyLogin -->
      </class> <!-- com.CRM.TestCases.LoginPageTestCase -->
    </test> <!-- LoginPageTest -->
  </suite> <!-- Suite -->
</testng-results>
