<?xml version="1.0" encoding="UTF-8"?>
<testng-results ignored="0" total="4" passed="4" failed="0" skipped="0">
  <reporter-output>
  </reporter-output>
  <suite started-at="2024-12-11T12:55:05 IST" name="Suite" finished-at="2024-12-11T12:55:13 IST" duration-ms="8530">
    <groups>
    </groups>
    <test started-at="2024-12-11T12:55:05 IST" name="HomePageTest" finished-at="2024-12-11T12:55:09 IST" duration-ms="4180">
      <class name="com.CRM.TestCases.HomePageTestCase">
        <test-method is-config="true" signature="setUp()[pri:0, instance:com.CRM.TestCases.HomePageTestCase@41fbdac4]" started-at="2024-12-11T12:55:05 IST" name="setUp" finished-at="2024-12-11T12:55:08 IST" duration-ms="3408" status="PASS">
          <reporter-output>
          </reporter-output>
        </test-method> <!-- setUp -->
        <test-method signature="verifyURL()[pri:1, instance:com.CRM.TestCases.HomePageTestCase@41fbdac4]" started-at="2024-12-11T12:55:08 IST" name="verifyURL" finished-at="2024-12-11T12:55:08 IST" duration-ms="18" status="PASS">
          <reporter-output>
          </reporter-output>
        </test-method> <!-- verifyURL -->
        <test-method signature="verifyTitle()[pri:2, instance:com.CRM.TestCases.HomePageTestCase@41fbdac4]" started-at="2024-12-11T12:55:08 IST" name="verifyTitle" finished-at="2024-12-11T12:55:08 IST" duration-ms="10" status="PASS">
          <reporter-output>
          </reporter-output>
        </test-method> <!-- verifyTitle -->
        <test-method signature="verifySigninLink()[pri:3, instance:com.CRM.TestCases.HomePageTestCase@41fbdac4]" started-at="2024-12-11T12:55:08 IST" name="verifySigninLink" finished-at="2024-12-11T12:55:09 IST" duration-ms="705" status="PASS">
          <reporter-output>
          </reporter-output>
        </test-method> <!-- verifySigninLink -->
      </class> <!-- com.CRM.TestCases.HomePageTestCase -->
    </test> <!-- HomePageTest -->
    <test started-at="2024-12-11T12:55:09 IST" name="LoginPageTest" finished-at="2024-12-11T12:55:13 IST" duration-ms="4291">
      <class name="com.CRM.TestCases.LoginPageTestCase">
        <test-method is-config="true" signature="setUp()[pri:0, instance:com.CRM.TestCases.LoginPageTestCase@4f18837a]" started-at="2024-12-11T12:55:09 IST" name="setUp" finished-at="2024-12-11T12:55:12 IST" duration-ms="2752" status="PASS">
          <reporter-output>
          </reporter-output>
        </test-method> <!-- setUp -->
        <test-method is-config="true" signature="pageSetUp()[pri:0, instance:com.CRM.TestCases.LoginPageTestCase@4f18837a]" started-at="2024-12-11T12:55:12 IST" name="pageSetUp" finished-at="2024-12-11T12:55:13 IST" duration-ms="751" status="PASS">
          <reporter-output>
          </reporter-output>
        </test-method> <!-- pageSetUp -->
        <test-method signature="verifyLogin()[pri:0, instance:com.CRM.TestCases.LoginPageTestCase@4f18837a]" started-at="2024-12-11T12:55:13 IST" name="verifyLogin" finished-at="2024-12-11T12:55:13 IST" duration-ms="783" status="PASS">
          <reporter-output>
          </reporter-output>
        </test-method> <!-- verifyLogin -->
      </class> <!-- com.CRM.TestCases.LoginPageTestCase -->
    </test> <!-- LoginPageTest -->
  </suite> <!-- Suite -->
</testng-results>
